2022-03-25 12:55:57.023 [main] INFO  DataBaseTestConfig - Create DB connection
2022-03-25 12:55:58.098 [main] INFO  DataBaseTestConfig - Closing DB connection
2022-03-25 12:55:58.103 [main] INFO  DataBaseTestConfig - Create DB connection
2022-03-25 12:55:58.137 [main] INFO  DataBaseTestConfig - Closing Result Set
2022-03-25 12:55:58.137 [main] INFO  DataBaseTestConfig - Closing Prepared Statement
2022-03-25 12:55:58.138 [main] INFO  DataBaseTestConfig - Closing DB connection
2022-03-25 12:55:58.139 [main] INFO  DataBaseTestConfig - Create DB connection
2022-03-25 12:55:58.171 [main] INFO  DataBaseTestConfig - Closing Prepared Statement
2022-03-25 12:55:58.172 [main] INFO  DataBaseTestConfig - Closing DB connection
2022-03-25 12:55:58.173 [main] INFO  DataBaseTestConfig - Create DB connection
2022-03-25 12:55:58.201 [main] INFO  DataBaseTestConfig - Closing Result Set
2022-03-25 12:55:58.201 [main] INFO  DataBaseTestConfig - Closing Prepared Statement
2022-03-25 12:55:58.202 [main] INFO  DataBaseTestConfig - Closing DB connection
2022-03-25 12:55:58.202 [main] INFO  DataBaseTestConfig - Create DB connection
2022-03-25 12:55:58.231 [main] INFO  DataBaseTestConfig - Closing DB connection
2022-03-25 12:55:58.232 [main] INFO  DataBaseTestConfig - Create DB connection
2022-03-25 12:55:58.253 [main] INFO  DataBaseTestConfig - Closing Result Set
2022-03-25 12:55:58.253 [main] INFO  DataBaseTestConfig - Closing Prepared Statement
2022-03-25 12:55:58.253 [main] INFO  DataBaseTestConfig - Closing DB connection
2022-03-25 12:55:58.255 [main] INFO  DataBaseTestConfig - Create DB connection
2022-03-25 12:55:58.276 [main] INFO  DataBaseTestConfig - Closing Result Set
2022-03-25 12:55:58.276 [main] INFO  DataBaseTestConfig - Closing Prepared Statement
2022-03-25 12:55:58.276 [main] INFO  DataBaseTestConfig - Closing DB connection
2022-03-25 12:55:58.277 [main] INFO  DataBaseTestConfig - Create DB connection
2022-03-25 12:55:58.299 [main] INFO  DataBaseTestConfig - Closing Result Set
2022-03-25 12:55:58.300 [main] INFO  DataBaseTestConfig - Closing Prepared Statement
2022-03-25 12:55:58.300 [main] INFO  DataBaseTestConfig - Closing DB connection
2022-03-25 12:55:58.300 [main] INFO  DataBaseTestConfig - Create DB connection
2022-03-25 12:55:58.330 [main] INFO  DataBaseTestConfig - Closing DB connection
2022-03-25 12:55:58.330 [main] INFO  DataBaseTestConfig - Create DB connection
2022-03-25 12:55:58.362 [main] INFO  DataBaseTestConfig - Closing Prepared Statement
2022-03-25 12:55:58.362 [main] INFO  DataBaseTestConfig - Closing DB connection
2022-03-25 12:55:58.363 [main] INFO  DataBaseTestConfig - Create DB connection
2022-03-25 12:55:58.390 [main] INFO  DataBaseTestConfig - Closing Result Set
2022-03-25 12:55:58.390 [main] INFO  DataBaseTestConfig - Closing Prepared Statement
2022-03-25 12:55:58.392 [main] INFO  DataBaseTestConfig - Closing DB connection
2022-03-25 12:55:58.395 [main] INFO  DataBaseTestConfig - Create DB connection
2022-03-25 12:55:58.417 [main] INFO  DataBaseTestConfig - Closing Result Set
2022-03-25 12:55:58.418 [main] INFO  DataBaseTestConfig - Closing Prepared Statement
2022-03-25 12:55:58.418 [main] INFO  DataBaseTestConfig - Closing DB connection
2022-03-25 12:55:58.429 [main] INFO  DataBaseTestConfig - Create DB connection
2022-03-25 12:55:58.545 [main] INFO  DataBaseTestConfig - Closing DB connection
2022-03-25 12:55:58.545 [main] INFO  DataBaseTestConfig - Create DB connection
2022-03-25 12:55:58.567 [main] INFO  DataBaseTestConfig - Closing Result Set
2022-03-25 12:55:58.567 [main] INFO  DataBaseTestConfig - Closing Prepared Statement
2022-03-25 12:55:58.568 [main] INFO  DataBaseTestConfig - Closing DB connection
2022-03-25 12:55:58.568 [main] INFO  DataBaseTestConfig - Create DB connection
2022-03-25 12:55:58.592 [main] INFO  DataBaseTestConfig - Closing Prepared Statement
2022-03-25 12:55:58.592 [main] INFO  DataBaseTestConfig - Closing DB connection
2022-03-25 12:55:58.593 [main] INFO  DataBaseTestConfig - Create DB connection
2022-03-25 12:55:58.624 [main] INFO  DataBaseTestConfig - Closing Result Set
2022-03-25 12:55:58.624 [main] INFO  DataBaseTestConfig - Closing Prepared Statement
2022-03-25 12:55:58.624 [main] INFO  DataBaseTestConfig - Closing DB connection
2022-03-25 12:55:58.625 [main] INFO  DataBaseTestConfig - Create DB connection
2022-03-25 12:55:58.647 [main] INFO  DataBaseTestConfig - Closing DB connection
2022-03-25 12:55:58.648 [main] INFO  DataBaseTestConfig - Create DB connection
2022-03-25 12:55:58.668 [main] INFO  DataBaseTestConfig - Closing Result Set
2022-03-25 12:55:58.668 [main] INFO  DataBaseTestConfig - Closing Prepared Statement
2022-03-25 12:55:58.669 [main] INFO  DataBaseTestConfig - Closing DB connection
2022-03-25 12:55:58.669 [main] INFO  DataBaseTestConfig - Create DB connection
2022-03-25 12:55:58.696 [main] INFO  DataBaseTestConfig - Closing Result Set
2022-03-25 12:55:58.696 [main] INFO  DataBaseTestConfig - Closing Prepared Statement
2022-03-25 12:55:58.697 [main] INFO  DataBaseTestConfig - Closing DB connection
2022-03-25 12:55:58.699 [main] INFO  DataBaseTestConfig - Create DB connection
2022-03-25 12:55:58.794 [main] INFO  DataBaseTestConfig - Closing DB connection
2022-03-25 12:57:20.093 [main] INFO  DataBaseTestConfig - Create DB connection
2022-03-25 12:57:21.137 [main] INFO  DataBaseTestConfig - Closing DB connection
2022-03-25 12:57:21.144 [main] INFO  DataBaseTestConfig - Create DB connection
2022-03-25 12:57:21.196 [main] INFO  DataBaseTestConfig - Closing Result Set
2022-03-25 12:57:21.196 [main] INFO  DataBaseTestConfig - Closing Prepared Statement
2022-03-25 12:57:21.197 [main] INFO  DataBaseTestConfig - Closing DB connection
2022-03-25 12:57:21.197 [main] INFO  DataBaseTestConfig - Create DB connection
2022-03-25 12:57:21.229 [main] INFO  DataBaseTestConfig - Closing Prepared Statement
2022-03-25 12:57:21.230 [main] INFO  DataBaseTestConfig - Closing DB connection
2022-03-25 12:57:21.230 [main] INFO  DataBaseTestConfig - Create DB connection
2022-03-25 12:57:21.254 [main] INFO  DataBaseTestConfig - Closing Result Set
2022-03-25 12:57:21.255 [main] INFO  DataBaseTestConfig - Closing Prepared Statement
2022-03-25 12:57:21.255 [main] INFO  DataBaseTestConfig - Closing DB connection
2022-03-25 12:57:21.255 [main] INFO  DataBaseTestConfig - Create DB connection
2022-03-25 12:57:21.287 [main] INFO  DataBaseTestConfig - Closing DB connection
2022-03-25 12:57:21.287 [main] INFO  DataBaseTestConfig - Create DB connection
2022-03-25 12:57:21.309 [main] INFO  DataBaseTestConfig - Closing Result Set
2022-03-25 12:57:21.309 [main] INFO  DataBaseTestConfig - Closing Prepared Statement
2022-03-25 12:57:21.309 [main] INFO  DataBaseTestConfig - Closing DB connection
2022-03-25 12:57:21.311 [main] INFO  DataBaseTestConfig - Create DB connection
2022-03-25 12:57:21.332 [main] INFO  DataBaseTestConfig - Closing Result Set
2022-03-25 12:57:21.332 [main] INFO  DataBaseTestConfig - Closing Prepared Statement
2022-03-25 12:57:21.333 [main] INFO  DataBaseTestConfig - Closing DB connection
2022-03-25 12:57:21.335 [main] INFO  DataBaseTestConfig - Create DB connection
2022-03-25 12:57:21.363 [main] INFO  DataBaseTestConfig - Closing Result Set
2022-03-25 12:57:21.363 [main] INFO  DataBaseTestConfig - Closing Prepared Statement
2022-03-25 12:57:21.364 [main] INFO  DataBaseTestConfig - Closing DB connection
2022-03-25 12:57:21.364 [main] INFO  DataBaseTestConfig - Create DB connection
2022-03-25 12:57:21.396 [main] INFO  DataBaseTestConfig - Closing DB connection
2022-03-25 12:57:21.396 [main] INFO  DataBaseTestConfig - Create DB connection
2022-03-25 12:57:21.422 [main] INFO  DataBaseTestConfig - Closing Prepared Statement
2022-03-25 12:57:21.423 [main] INFO  DataBaseTestConfig - Closing DB connection
2022-03-25 12:57:21.423 [main] INFO  DataBaseTestConfig - Create DB connection
2022-03-25 12:57:21.457 [main] INFO  DataBaseTestConfig - Closing Result Set
2022-03-25 12:57:21.458 [main] INFO  DataBaseTestConfig - Closing Prepared Statement
2022-03-25 12:57:21.459 [main] INFO  DataBaseTestConfig - Closing DB connection
2022-03-25 12:57:21.459 [main] INFO  DataBaseTestConfig - Create DB connection
2022-03-25 12:57:21.480 [main] INFO  DataBaseTestConfig - Closing Result Set
2022-03-25 12:57:21.481 [main] INFO  DataBaseTestConfig - Closing Prepared Statement
2022-03-25 12:57:21.481 [main] INFO  DataBaseTestConfig - Closing DB connection
2022-03-25 12:57:21.489 [main] INFO  DataBaseTestConfig - Create DB connection
2022-03-25 12:57:21.593 [main] INFO  DataBaseTestConfig - Closing DB connection
2022-03-25 12:57:21.594 [main] INFO  DataBaseTestConfig - Create DB connection
2022-03-25 12:57:21.621 [main] INFO  DataBaseTestConfig - Closing Result Set
2022-03-25 12:57:21.621 [main] INFO  DataBaseTestConfig - Closing Prepared Statement
2022-03-25 12:57:21.622 [main] INFO  DataBaseTestConfig - Closing DB connection
2022-03-25 12:57:21.623 [main] INFO  DataBaseTestConfig - Create DB connection
2022-03-25 12:57:21.657 [main] INFO  DataBaseTestConfig - Closing Prepared Statement
2022-03-25 12:57:21.658 [main] INFO  DataBaseTestConfig - Closing DB connection
2022-03-25 12:57:21.659 [main] INFO  DataBaseTestConfig - Create DB connection
2022-03-25 12:57:21.692 [main] INFO  DataBaseTestConfig - Closing Result Set
2022-03-25 12:57:21.693 [main] INFO  DataBaseTestConfig - Closing Prepared Statement
2022-03-25 12:57:21.694 [main] INFO  DataBaseTestConfig - Closing DB connection
2022-03-25 12:57:21.694 [main] INFO  DataBaseTestConfig - Create DB connection
2022-03-25 12:57:21.726 [main] INFO  DataBaseTestConfig - Closing DB connection
2022-03-25 12:57:21.727 [main] INFO  DataBaseTestConfig - Create DB connection
2022-03-25 12:57:21.769 [main] INFO  DataBaseTestConfig - Closing Result Set
2022-03-25 12:57:21.769 [main] INFO  DataBaseTestConfig - Closing Prepared Statement
2022-03-25 12:57:21.770 [main] INFO  DataBaseTestConfig - Closing DB connection
2022-03-25 12:57:21.770 [main] INFO  DataBaseTestConfig - Create DB connection
2022-03-25 12:57:21.791 [main] INFO  DataBaseTestConfig - Closing Result Set
2022-03-25 12:57:21.791 [main] INFO  DataBaseTestConfig - Closing Prepared Statement
2022-03-25 12:57:21.791 [main] INFO  DataBaseTestConfig - Closing DB connection
2022-03-25 12:57:21.793 [main] INFO  DataBaseTestConfig - Create DB connection
2022-03-25 12:57:21.970 [main] INFO  DataBaseTestConfig - Closing DB connection
2022-03-25 13:12:42.940 [main] INFO  DataBaseTestConfig - Create DB connection
2022-03-25 13:12:43.971 [main] INFO  DataBaseTestConfig - Closing DB connection
2022-03-25 13:12:43.980 [main] INFO  DataBaseTestConfig - Create DB connection
2022-03-25 13:12:44.034 [main] INFO  DataBaseTestConfig - Closing Result Set
2022-03-25 13:12:44.036 [main] INFO  DataBaseTestConfig - Closing Prepared Statement
2022-03-25 13:12:44.037 [main] INFO  DataBaseTestConfig - Closing DB connection
2022-03-25 13:12:44.039 [main] INFO  DataBaseTestConfig - Create DB connection
2022-03-25 13:12:44.081 [main] INFO  DataBaseTestConfig - Closing Prepared Statement
2022-03-25 13:12:44.082 [main] INFO  DataBaseTestConfig - Closing DB connection
2022-03-25 13:12:44.085 [main] INFO  DataBaseTestConfig - Create DB connection
2022-03-25 13:12:44.126 [main] INFO  DataBaseTestConfig - Closing Result Set
2022-03-25 13:12:44.127 [main] INFO  DataBaseTestConfig - Closing Prepared Statement
2022-03-25 13:12:44.128 [main] INFO  DataBaseTestConfig - Closing DB connection
2022-03-25 13:12:44.128 [main] INFO  DataBaseTestConfig - Create DB connection
2022-03-25 13:12:44.174 [main] INFO  DataBaseTestConfig - Closing DB connection
2022-03-25 13:12:44.179 [main] INFO  DataBaseTestConfig - Create DB connection
2022-03-25 13:12:44.214 [main] INFO  DataBaseTestConfig - Closing Result Set
2022-03-25 13:12:44.215 [main] INFO  DataBaseTestConfig - Closing Prepared Statement
2022-03-25 13:12:44.217 [main] INFO  DataBaseTestConfig - Closing DB connection
2022-03-25 13:12:44.222 [main] INFO  DataBaseTestConfig - Create DB connection
2022-03-25 13:12:44.247 [main] INFO  DataBaseTestConfig - Closing Result Set
2022-03-25 13:12:44.248 [main] INFO  DataBaseTestConfig - Closing Prepared Statement
2022-03-25 13:12:44.249 [main] INFO  DataBaseTestConfig - Closing DB connection
2022-03-25 13:12:44.251 [main] INFO  DataBaseTestConfig - Create DB connection
2022-03-25 13:12:44.280 [main] INFO  DataBaseTestConfig - Closing Result Set
2022-03-25 13:12:44.281 [main] INFO  DataBaseTestConfig - Closing Prepared Statement
2022-03-25 13:12:44.281 [main] INFO  DataBaseTestConfig - Closing DB connection
2022-03-25 13:12:44.282 [main] INFO  DataBaseTestConfig - Create DB connection
2022-03-25 13:12:44.326 [main] INFO  DataBaseTestConfig - Closing DB connection
2022-03-25 13:12:44.327 [main] INFO  DataBaseTestConfig - Create DB connection
2022-03-25 13:12:44.359 [main] INFO  DataBaseTestConfig - Closing Prepared Statement
2022-03-25 13:12:44.360 [main] INFO  DataBaseTestConfig - Closing DB connection
2022-03-25 13:12:44.361 [main] INFO  DataBaseTestConfig - Create DB connection
2022-03-25 13:12:44.382 [main] INFO  DataBaseTestConfig - Closing Result Set
2022-03-25 13:12:44.382 [main] INFO  DataBaseTestConfig - Closing Prepared Statement
2022-03-25 13:12:44.383 [main] INFO  DataBaseTestConfig - Closing DB connection
2022-03-25 13:12:44.386 [main] INFO  DataBaseTestConfig - Create DB connection
2022-03-25 13:12:44.410 [main] INFO  DataBaseTestConfig - Closing Result Set
2022-03-25 13:12:44.411 [main] INFO  DataBaseTestConfig - Closing Prepared Statement
2022-03-25 13:12:44.411 [main] INFO  DataBaseTestConfig - Closing DB connection
2022-03-25 13:12:44.423 [main] INFO  DataBaseTestConfig - Create DB connection
2022-03-25 13:12:44.660 [main] INFO  DataBaseTestConfig - Closing DB connection
2022-03-25 13:12:44.662 [main] INFO  DataBaseTestConfig - Create DB connection
2022-03-25 13:12:44.733 [main] INFO  DataBaseTestConfig - Closing Result Set
2022-03-25 13:12:44.733 [main] INFO  DataBaseTestConfig - Closing Prepared Statement
2022-03-25 13:12:44.734 [main] INFO  DataBaseTestConfig - Closing DB connection
2022-03-25 13:12:44.735 [main] INFO  DataBaseTestConfig - Create DB connection
2022-03-25 13:12:44.774 [main] INFO  DataBaseTestConfig - Closing Prepared Statement
2022-03-25 13:12:44.775 [main] INFO  DataBaseTestConfig - Closing DB connection
2022-03-25 13:12:44.775 [main] INFO  DataBaseTestConfig - Create DB connection
2022-03-25 13:12:44.799 [main] INFO  DataBaseTestConfig - Closing Result Set
2022-03-25 13:12:44.800 [main] INFO  DataBaseTestConfig - Closing Prepared Statement
2022-03-25 13:12:44.800 [main] INFO  DataBaseTestConfig - Closing DB connection
2022-03-25 13:12:44.800 [main] INFO  DataBaseTestConfig - Create DB connection
2022-03-25 13:12:44.835 [main] INFO  DataBaseTestConfig - Closing DB connection
2022-03-25 13:12:44.836 [main] INFO  DataBaseTestConfig - Create DB connection
2022-03-25 13:12:44.856 [main] INFO  DataBaseTestConfig - Closing Result Set
2022-03-25 13:12:44.856 [main] INFO  DataBaseTestConfig - Closing Prepared Statement
2022-03-25 13:12:44.857 [main] INFO  DataBaseTestConfig - Closing DB connection
2022-03-25 13:12:44.857 [main] INFO  DataBaseTestConfig - Create DB connection
2022-03-25 13:12:44.879 [main] INFO  DataBaseTestConfig - Closing Result Set
2022-03-25 13:12:44.879 [main] INFO  DataBaseTestConfig - Closing Prepared Statement
2022-03-25 13:12:44.880 [main] INFO  DataBaseTestConfig - Closing DB connection
2022-03-25 13:12:44.882 [main] INFO  DataBaseTestConfig - Create DB connection
2022-03-25 13:12:44.984 [main] INFO  DataBaseTestConfig - Closing DB connection
2022-03-25 13:17:02.675 [main] INFO  DataBaseTestConfig - Create DB connection
2022-03-25 13:17:03.791 [main] INFO  DataBaseTestConfig - Closing DB connection
2022-03-25 13:17:03.795 [main] INFO  DataBaseTestConfig - Create DB connection
2022-03-25 13:17:03.834 [main] INFO  DataBaseTestConfig - Closing Result Set
2022-03-25 13:17:03.834 [main] INFO  DataBaseTestConfig - Closing Prepared Statement
2022-03-25 13:17:03.835 [main] INFO  DataBaseTestConfig - Closing DB connection
2022-03-25 13:17:03.835 [main] INFO  DataBaseTestConfig - Create DB connection
2022-03-25 13:17:03.861 [main] INFO  DataBaseTestConfig - Closing Prepared Statement
2022-03-25 13:17:03.862 [main] INFO  DataBaseTestConfig - Closing DB connection
2022-03-25 13:17:03.862 [main] INFO  DataBaseTestConfig - Create DB connection
2022-03-25 13:17:03.886 [main] INFO  DataBaseTestConfig - Closing Result Set
2022-03-25 13:17:03.887 [main] INFO  DataBaseTestConfig - Closing Prepared Statement
2022-03-25 13:17:03.887 [main] INFO  DataBaseTestConfig - Closing DB connection
2022-03-25 13:17:03.887 [main] INFO  DataBaseTestConfig - Create DB connection
2022-03-25 13:17:03.916 [main] INFO  DataBaseTestConfig - Closing DB connection
2022-03-25 13:17:03.917 [main] INFO  DataBaseTestConfig - Create DB connection
2022-03-25 13:17:03.938 [main] INFO  DataBaseTestConfig - Closing Result Set
2022-03-25 13:17:03.938 [main] INFO  DataBaseTestConfig - Closing Prepared Statement
2022-03-25 13:17:03.939 [main] INFO  DataBaseTestConfig - Closing DB connection
2022-03-25 13:17:03.940 [main] INFO  DataBaseTestConfig - Create DB connection
2022-03-25 13:17:03.963 [main] INFO  DataBaseTestConfig - Closing Result Set
2022-03-25 13:17:03.963 [main] INFO  DataBaseTestConfig - Closing Prepared Statement
2022-03-25 13:17:03.963 [main] INFO  DataBaseTestConfig - Closing DB connection
2022-03-25 13:17:03.964 [main] INFO  DataBaseTestConfig - Create DB connection
2022-03-25 13:17:03.989 [main] INFO  DataBaseTestConfig - Closing Result Set
2022-03-25 13:17:03.989 [main] INFO  DataBaseTestConfig - Closing Prepared Statement
2022-03-25 13:17:03.990 [main] INFO  DataBaseTestConfig - Closing DB connection
2022-03-25 13:17:03.990 [main] ERROR ParkingService - Unable to process exiting vehicle
java.lang.IllegalArgumentException: Out time provided is incorrect:2022-03-25 13:17:03.99
	at com.parkit.parkingsystem.service.FareCalculatorService.calculateFare(FareCalculatorService.java:12) ~[classes/:?]
	at com.parkit.parkingsystem.service.ParkingService.processExitingVehicle(ParkingService.java:112) ~[classes/:?]
	at com.parkit.parkingsystem.ParkingDataBaseITTest.testParkingLotExit(ParkingDataBaseIT.java:69) ~[test-classes/:?]
	at sun.reflect.NativeMethodAccessorImpl.invoke0(Native Method) ~[?:1.8.0_202]
	at sun.reflect.NativeMethodAccessorImpl.invoke(NativeMethodAccessorImpl.java:62) ~[?:1.8.0_202]
	at sun.reflect.DelegatingMethodAccessorImpl.invoke(DelegatingMethodAccessorImpl.java:43) ~[?:1.8.0_202]
	at java.lang.reflect.Method.invoke(Method.java:498) ~[?:1.8.0_202]
	at org.junit.platform.commons.util.ReflectionUtils.invokeMethod(ReflectionUtils.java:532) ~[junit-platform-commons-1.3.2.jar:1.3.2]
	at org.junit.jupiter.engine.execution.ExecutableInvoker.invoke(ExecutableInvoker.java:115) ~[junit-jupiter-engine-5.3.2.jar:5.3.2]
	at org.junit.jupiter.engine.descriptor.TestMethodTestDescriptor.lambda$invokeTestMethod$6(TestMethodTestDescriptor.java:171) ~[junit-jupiter-engine-5.3.2.jar:5.3.2]
	at org.junit.platform.engine.support.hierarchical.ThrowableCollector.execute(ThrowableCollector.java:72) ~[junit-platform-engine-1.3.2.jar:1.3.2]
	at org.junit.jupiter.engine.descriptor.TestMethodTestDescriptor.invokeTestMethod(TestMethodTestDescriptor.java:167) ~[junit-jupiter-engine-5.3.2.jar:5.3.2]
	at org.junit.jupiter.engine.descriptor.TestMethodTestDescriptor.execute(TestMethodTestDescriptor.java:114) ~[junit-jupiter-engine-5.3.2.jar:5.3.2]
	at org.junit.jupiter.engine.descriptor.TestMethodTestDescriptor.execute(TestMethodTestDescriptor.java:59) ~[junit-jupiter-engine-5.3.2.jar:5.3.2]
	at org.junit.platform.engine.support.hierarchical.NodeTestTask.lambda$executeRecursively$4(NodeTestTask.java:108) ~[junit-platform-engine-1.3.2.jar:1.3.2]
	at org.junit.platform.engine.support.hierarchical.ThrowableCollector.execute(ThrowableCollector.java:72) ~[junit-platform-engine-1.3.2.jar:1.3.2]
	at org.junit.platform.engine.support.hierarchical.NodeTestTask.executeRecursively(NodeTestTask.java:98) ~[junit-platform-engine-1.3.2.jar:1.3.2]
	at org.junit.platform.engine.support.hierarchical.NodeTestTask.execute(NodeTestTask.java:74) ~[junit-platform-engine-1.3.2.jar:1.3.2]
	at java.util.ArrayList.forEach(ArrayList.java:1257) ~[?:1.8.0_202]
	at org.junit.platform.engine.support.hierarchical.SameThreadHierarchicalTestExecutorService.invokeAll(SameThreadHierarchicalTestExecutorService.java:38) ~[junit-platform-engine-1.3.2.jar:1.3.2]
	at org.junit.platform.engine.support.hierarchical.NodeTestTask.lambda$executeRecursively$4(NodeTestTask.java:112) ~[junit-platform-engine-1.3.2.jar:1.3.2]
	at org.junit.platform.engine.support.hierarchical.ThrowableCollector.execute(ThrowableCollector.java:72) ~[junit-platform-engine-1.3.2.jar:1.3.2]
	at org.junit.platform.engine.support.hierarchical.NodeTestTask.executeRecursively(NodeTestTask.java:98) ~[junit-platform-engine-1.3.2.jar:1.3.2]
	at org.junit.platform.engine.support.hierarchical.NodeTestTask.execute(NodeTestTask.java:74) ~[junit-platform-engine-1.3.2.jar:1.3.2]
	at java.util.ArrayList.forEach(ArrayList.java:1257) ~[?:1.8.0_202]
	at org.junit.platform.engine.support.hierarchical.SameThreadHierarchicalTestExecutorService.invokeAll(SameThreadHierarchicalTestExecutorService.java:38) ~[junit-platform-engine-1.3.2.jar:1.3.2]
	at org.junit.platform.engine.support.hierarchical.NodeTestTask.lambda$executeRecursively$4(NodeTestTask.java:112) ~[junit-platform-engine-1.3.2.jar:1.3.2]
	at org.junit.platform.engine.support.hierarchical.ThrowableCollector.execute(ThrowableCollector.java:72) ~[junit-platform-engine-1.3.2.jar:1.3.2]
	at org.junit.platform.engine.support.hierarchical.NodeTestTask.executeRecursively(NodeTestTask.java:98) ~[junit-platform-engine-1.3.2.jar:1.3.2]
	at org.junit.platform.engine.support.hierarchical.NodeTestTask.execute(NodeTestTask.java:74) ~[junit-platform-engine-1.3.2.jar:1.3.2]
	at org.junit.platform.engine.support.hierarchical.SameThreadHierarchicalTestExecutorService.submit(SameThreadHierarchicalTestExecutorService.java:32) ~[junit-platform-engine-1.3.2.jar:1.3.2]
	at org.junit.platform.engine.support.hierarchical.HierarchicalTestExecutor.execute(HierarchicalTestExecutor.java:57) ~[junit-platform-engine-1.3.2.jar:1.3.2]
	at org.junit.platform.engine.support.hierarchical.HierarchicalTestEngine.execute(HierarchicalTestEngine.java:51) ~[junit-platform-engine-1.3.2.jar:1.3.2]
	at org.junit.platform.launcher.core.DefaultLauncher.execute(DefaultLauncher.java:220) ~[junit-platform-launcher-1.3.2.jar:1.3.2]
	at org.junit.platform.launcher.core.DefaultLauncher.lambda$execute$6(DefaultLauncher.java:188) ~[junit-platform-launcher-1.3.2.jar:1.3.2]
	at org.junit.platform.launcher.core.DefaultLauncher.withInterceptedStreams(DefaultLauncher.java:202) [junit-platform-launcher-1.3.2.jar:1.3.2]
	at org.junit.platform.launcher.core.DefaultLauncher.execute(DefaultLauncher.java:181) [junit-platform-launcher-1.3.2.jar:1.3.2]
	at org.junit.platform.launcher.core.DefaultLauncher.execute(DefaultLauncher.java:128) [junit-platform-launcher-1.3.2.jar:1.3.2]
	at com.intellij.junit5.JUnit5IdeaTestRunner.startRunnerWithArgs(JUnit5IdeaTestRunner.java:71) [junit5-rt.jar:?]
	at com.intellij.rt.junit.IdeaTestRunner$Repeater.startRunnerWithArgs(IdeaTestRunner.java:33) [junit-rt.jar:?]
	at com.intellij.rt.junit.JUnitStarter.prepareStreamsAndStart(JUnitStarter.java:235) [junit-rt.jar:?]
	at com.intellij.rt.junit.JUnitStarter.main(JUnitStarter.java:54) [junit-rt.jar:?]
2022-03-25 13:17:04.000 [main] INFO  DataBaseTestConfig - Create DB connection
2022-03-25 13:17:04.026 [main] INFO  DataBaseTestConfig - Closing Result Set
2022-03-25 13:17:04.026 [main] INFO  DataBaseTestConfig - Closing Prepared Statement
2022-03-25 13:17:04.027 [main] INFO  DataBaseTestConfig - Closing DB connection
2022-03-25 13:17:04.027 [main] INFO  DataBaseTestConfig - Create DB connection
2022-03-25 13:17:04.055 [main] INFO  DataBaseTestConfig - Closing Result Set
2022-03-25 13:17:04.055 [main] INFO  DataBaseTestConfig - Closing Prepared Statement
2022-03-25 13:17:04.056 [main] INFO  DataBaseTestConfig - Closing DB connection
2022-03-25 13:17:04.082 [main] INFO  DataBaseTestConfig - Create DB connection
2022-03-25 13:17:04.205 [main] INFO  DataBaseTestConfig - Closing DB connection
2022-03-25 13:17:04.206 [main] INFO  DataBaseTestConfig - Create DB connection
2022-03-25 13:17:04.227 [main] INFO  DataBaseTestConfig - Closing Result Set
2022-03-25 13:17:04.227 [main] INFO  DataBaseTestConfig - Closing Prepared Statement
2022-03-25 13:17:04.227 [main] INFO  DataBaseTestConfig - Closing DB connection
2022-03-25 13:17:04.228 [main] INFO  DataBaseTestConfig - Create DB connection
2022-03-25 13:17:04.260 [main] INFO  DataBaseTestConfig - Closing Prepared Statement
2022-03-25 13:17:04.260 [main] INFO  DataBaseTestConfig - Closing DB connection
2022-03-25 13:17:04.261 [main] INFO  DataBaseTestConfig - Create DB connection
2022-03-25 13:17:04.287 [main] INFO  DataBaseTestConfig - Closing Result Set
2022-03-25 13:17:04.288 [main] INFO  DataBaseTestConfig - Closing Prepared Statement
2022-03-25 13:17:04.288 [main] INFO  DataBaseTestConfig - Closing DB connection
2022-03-25 13:17:04.288 [main] INFO  DataBaseTestConfig - Create DB connection
2022-03-25 13:17:04.317 [main] INFO  DataBaseTestConfig - Closing DB connection
2022-03-25 13:17:04.318 [main] INFO  DataBaseTestConfig - Create DB connection
2022-03-25 13:17:04.356 [main] INFO  DataBaseTestConfig - Closing Result Set
2022-03-25 13:17:04.357 [main] INFO  DataBaseTestConfig - Closing Prepared Statement
2022-03-25 13:17:04.357 [main] INFO  DataBaseTestConfig - Closing DB connection
2022-03-25 13:17:04.357 [main] INFO  DataBaseTestConfig - Create DB connection
2022-03-25 13:17:04.381 [main] INFO  DataBaseTestConfig - Closing Result Set
2022-03-25 13:17:04.381 [main] INFO  DataBaseTestConfig - Closing Prepared Statement
2022-03-25 13:17:04.382 [main] INFO  DataBaseTestConfig - Closing DB connection
2022-03-25 13:17:04.383 [main] INFO  DataBaseTestConfig - Create DB connection
2022-03-25 13:17:04.490 [main] INFO  DataBaseTestConfig - Closing DB connection
